#
# A fatal error has been detected by the Java Runtime Environment:
#
#  EXCEPTION_ACCESS_VIOLATION (0xc0000005) at pc=0x65dc156a, pid=3808, tid=0x00001a80
#
# JRE version: Java(TM) SE Runtime Environment (8.0_131-b11) (build 1.8.0_131-b11)
# Java VM: Java HotSpot(TM) Client VM (25.131-b11 mixed mode, sharing windows-x86 )
# Problematic frame:
# C  [spsw-windows-x86-1.0.0-SNAPSHOT.dll+0x156a]
#
# Failed to write core dump. Minidumps are not enabled by default on client versions of Windows
#
# If you would like to submit a bug report, please visit:
#   http://bugreport.java.com/bugreport/crash.jsp
# The crash happened outside the Java Virtual Machine in native code.
# See problematic frame for where to report the bug.
#

---------------  T H R E A D  ---------------

Current thread (0x0089bc00):  JavaThread "main" [_thread_in_native, id=6784, stack(0x00800000,0x00850000)]

siginfo: ExceptionCode=0xc0000005, reading address 0x00000062

Registers:
EAX=0x00000062, EBX=0x1489a200, ECX=0x00000000, EDX=0x0089c634
ESP=0x0084e900, EBP=0x0084e914, ESI=0x0089bd40, EDI=0x65dc14e7
EIP=0x65dc156a, EFLAGS=0x00010216

Top of Stack: (sp=0x0084e900)
0x0084e900:   703338c4 152016f0 00000000 0084e9b0
0x0084e910:   7032209c 0084e9b0 703220b9 56ee7a58
0x0084e920:   00000000 0089bc00 13cc7db8 1489a2b0
0x0084e930:   0084ea9c 56ee7a58 016f6468 0084eaa0
0x0084e940:   65dc0000 00000000 00000000 00000000
0x0084e950:   00000000 00000000 00000000 00000000
0x0084e960:   00000000 00000000 01732948 00000000
0x0084e970:   0084ea5c 0084ea2c 0084ea2c 01743634 

Instructions: (pc=0x65dc156a)
0x65dc154a:   58 60 dc 65 c7 44 24 08 5a 60 dc 65 8b 4d f0 89
0x65dc155a:   4c 24 04 89 14 24 ff d0 a3 ac 73 dc 65 8b 45 e4
0x65dc156a:   8b 00 8b 80 78 01 00 00 8b 55 e4 c7 44 24 0c 5d
0x65dc157a:   60 dc 65 c7 44 24 08 5f 60 dc 65 8b 4d f0 89 4c 


Register to memory mapping:

EAX=0x00000062 is an unknown value
EBX=0x1489a200 is pointing into metadata
ECX=0x00000000 is an unknown value
EDX=0x0089c634 is an unknown value
ESP=0x0084e900 is pointing into the stack for thread: 0x0089bc00
EBP=0x0084e914 is pointing into the stack for thread: 0x0089bc00
ESI=0x0089bd40 is an unknown value
EDI=0x65dc14e7 is an unknown value


Stack: [0x00800000,0x00850000],  sp=0x0084e900,  free space=314k
Native frames: (J=compiled Java code, j=interpreted, Vv=VM code, C=native code)
C  [spsw-windows-x86-1.0.0-SNAPSHOT.dll+0x156a]
C  [java.dll+0x20b9]
C  0x0089c148

Java frames: (J=compiled Java code, j=interpreted, Vv=VM code)
j  java.lang.ClassLoader$NativeLibrary.load(Ljava/lang/String;Z)V+0
j  java.lang.ClassLoader.loadLibrary0(Ljava/lang/Class;Ljava/io/File;)Z+328
j  java.lang.ClassLoader.loadLibrary(Ljava/lang/Class;Ljava/lang/String;Z)V+48
j  java.lang.Runtime.load0(Ljava/lang/Class;Ljava/lang/String;)V+57
j  java.lang.System.load(Ljava/lang/String;)V+7
j  de.ibapl.spsw.provider.SerialPortSocketFactoryImpl.loadNativeLib()Z+268
j  de.ibapl.spsw.provider.SerialPortSocketFactoryImpl.activate()V+7
j  de.ibapl.spsw.provider.SerialPortSocketFactoryImpl.singleton()Lde/ibapl/spsw/provider/SerialPortSocketFactoryImpl;+19
j  de.ibapl.spsw.tests.IteratePortTest.testList()V+8
v  ~StubRoutines::call_stub
j  sun.reflect.NativeMethodAccessorImpl.invoke0(Ljava/lang/reflect/Method;Ljava/lang/Object;[Ljava/lang/Object;)Ljava/lang/Object;+0
j  sun.reflect.NativeMethodAccessorImpl.invoke(Ljava/lang/Object;[Ljava/lang/Object;)Ljava/lang/Object;+100
j  sun.reflect.DelegatingMethodAccessorImpl.invoke(Ljava/lang/Object;[Ljava/lang/Object;)Ljava/lang/Object;+6
j  java.lang.reflect.Method.invoke(Ljava/lang/Object;[Ljava/lang/Object;)Ljava/lang/Object;+56
j  org.junit.runners.model.FrameworkMethod$1.runReflectiveCall()Ljava/lang/Object;+15
j  org.junit.internal.runners.model.ReflectiveCallable.run()Ljava/lang/Object;+1
j  org.junit.runners.model.FrameworkMethod.invokeExplosively(Ljava/lang/Object;[Ljava/lang/Object;)Ljava/lang/Object;+10
j  org.junit.internal.runners.statements.InvokeMethod.evaluate()V+12
j  org.junit.internal.runners.statements.RunBefores.evaluate()V+49
j  org.junit.internal.runners.statements.RunAfters.evaluate()V+12
j  org.junit.runners.ParentRunner.runLeaf(Lorg/junit/runners/model/Statement;Lorg/junit/runner/Description;Lorg/junit/runner/notification/RunNotifier;)V+17
j  org.junit.runners.BlockJUnit4ClassRunner.runChild(Lorg/junit/runners/model/FrameworkMethod;Lorg/junit/runner/notification/RunNotifier;)V+30
j  org.junit.runners.BlockJUnit4ClassRunner.runChild(Ljava/lang/Object;Lorg/junit/runner/notification/RunNotifier;)V+6
j  org.junit.runners.ParentRunner$3.run()V+12
j  org.junit.runners.ParentRunner$1.schedule(Ljava/lang/Runnable;)V+1
j  org.junit.runners.ParentRunner.runChildren(Lorg/junit/runner/notification/RunNotifier;)V+44
j  org.junit.runners.ParentRunner.access$000(Lorg/junit/runners/ParentRunner;Lorg/junit/runner/notification/RunNotifier;)V+2
j  org.junit.runners.ParentRunner$2.evaluate()V+8
j  org.junit.internal.runners.statements.RunBefores.evaluate()V+49
j  org.junit.runners.ParentRunner.run(Lorg/junit/runner/notification/RunNotifier;)V+20
j  org.apache.maven.surefire.junit4.JUnit4Provider.execute(Ljava/lang/Class;Lorg/junit/runner/notification/RunNotifier;[Ljava/lang/String;)V+116
j  org.apache.maven.surefire.junit4.JUnit4Provider.executeTestSet(Ljava/lang/Class;Lorg/apache/maven/surefire/report/RunListener;Lorg/junit/runner/notification/RunNotifier;)V+70
j  org.apache.maven.surefire.junit4.JUnit4Provider.invoke(Ljava/lang/Object;)Lorg/apache/maven/surefire/suite/RunResult;+133
v  ~StubRoutines::call_stub
j  sun.reflect.NativeMethodAccessorImpl.invoke0(Ljava/lang/reflect/Method;Ljava/lang/Object;[Ljava/lang/Object;)Ljava/lang/Object;+0
j  sun.reflect.NativeMethodAccessorImpl.invoke(Ljava/lang/Object;[Ljava/lang/Object;)Ljava/lang/Object;+100
j  sun.reflect.DelegatingMethodAccessorImpl.invoke(Ljava/lang/Object;[Ljava/lang/Object;)Ljava/lang/Object;+6
j  java.lang.reflect.Method.invoke(Ljava/lang/Object;[Ljava/lang/Object;)Ljava/lang/Object;+56
j  org.apache.maven.surefire.util.ReflectionUtils.invokeMethodWithArray(Ljava/lang/Object;Ljava/lang/reflect/Method;[Ljava/lang/Object;)Ljava/lang/Object;+3
j  org.apache.maven.surefire.booter.ProviderFactory$ProviderProxy.invoke(Ljava/lang/Object;)Lorg/apache/maven/surefire/suite/RunResult;+38
j  org.apache.maven.surefire.booter.ProviderFactory.invokeProvider(Ljava/lang/Object;Ljava/lang/ClassLoader;Ljava/lang/ClassLoader;Ljava/lang/Object;Lorg/apache/maven/surefire/booter/ProviderConfiguration;ZLorg/apache/maven/surefire/booter/StartupConfiguration;Z)Lorg/apache/maven/surefire/suite/RunResult;+38
j  org.apache.maven.surefire.booter.ForkedBooter.runSuitesInProcess(Ljava/lang/Object;Ljava/lang/ClassLoader;Lorg/apache/maven/surefire/booter/StartupConfiguration;Lorg/apache/maven/surefire/booter/ProviderConfiguration;Ljava/io/PrintStream;)Lorg/apache/maven/surefire/suite/RunResult;+45
j  org.apache.maven.surefire.booter.ForkedBooter.main([Ljava/lang/String;)V+136
v  ~StubRoutines::call_stub

---------------  P R O C E S S  ---------------

Java Threads: ( => current thread )
  0x016de000 JavaThread "Service Thread" daemon [_thread_blocked, id=10112, stack(0x13a80000,0x13ad0000)]
  0x016bf400 JavaThread "C1 CompilerThread0" daemon [_thread_blocked, id=7272, stack(0x13a30000,0x13a80000)]
  0x016be800 JavaThread "Attach Listener" daemon [_thread_blocked, id=8532, stack(0x139e0000,0x13a30000)]
  0x016bc800 JavaThread "Signal Dispatcher" daemon [_thread_blocked, id=5584, stack(0x13990000,0x139e0000)]
  0x016b3000 JavaThread "Finalizer" daemon [_thread_blocked, id=1392, stack(0x13940000,0x13990000)]
  0x01655c00 JavaThread "Reference Handler" daemon [_thread_blocked, id=7776, stack(0x138f0000,0x13940000)]
=>0x0089bc00 JavaThread "main" [_thread_in_native, id=6784, stack(0x00800000,0x00850000)]

Other Threads:
  0x01652400 VMThread [stack: 0x037b0000,0x03800000] [id=7428]
  0x016f4000 WatcherThread [stack: 0x13ad0000,0x13b20000] [id=6176]

VM state:not at safepoint (normal execution)

VM Mutex/Monitor currently owned by a thread: None

Heap:
 def new generation   total 4928K, used 3069K [0x03800000, 0x03d50000, 0x08d50000)
  eden space 4416K,  58% used [0x03800000, 0x03a899a0, 0x03c50000)
  from space 512K,  91% used [0x03c50000, 0x03cc5a70, 0x03cd0000)
  to   space 512K,   0% used [0x03cd0000, 0x03cd0000, 0x03d50000)
 tenured generation   total 10944K, used 1050K [0x08d50000, 0x09800000, 0x13800000)
   the space 10944K,   9% used [0x08d50000, 0x08e56948, 0x08e56a00, 0x09800000)
 Metaspace       used 916K, capacity 2808K, committed 2880K, reserved 4480K

Card table byte_map: [0x13800000,0x13890000] byte_map_base: 0x137e4000

Polling page: 0x00860000

CodeCache: size=32768Kb used=1278Kb max_used=1278Kb free=31490Kb
 bounds [0x01730000, 0x01870000, 0x03730000]
 total_blobs=496 nmethods=346 adapters=82
 compilation: enabled

Compilation events (10 events):
Event: 0.337 Thread 0x016bf400  342             java.util.Formatter$FormatSpecifier::localizedMagnitude (25 bytes)
Event: 0.338 Thread 0x016bf400 nmethod 342 0x0186e288 code [0x0186e3b0, 0x0186e584]
Event: 0.338 Thread 0x016bf400  343             java.lang.AbstractStringBuilder::append (50 bytes)
Event: 0.338 Thread 0x016bf400 nmethod 343 0x0186e708 code [0x0186e840, 0x0186eaac]
Event: 0.338 Thread 0x016bf400  344             java.lang.String::lastIndexOf (13 bytes)
Event: 0.338 Thread 0x016bf400 nmethod 344 0x0186ec48 code [0x0186ed50, 0x0186edec]
Event: 0.350 Thread 0x016bf400  345             java.util.Properties::load0 (250 bytes)
Event: 0.350 Thread 0x016bf400 nmethod 345 0x0186ee88 code [0x0186efd0, 0x0186f2e0]
Event: 0.355 Thread 0x016bf400  346             java.net.URL::getPath (5 bytes)
Event: 0.355 Thread 0x016bf400 nmethod 346 0x0186f648 code [0x0186f740, 0x0186f7c0]

GC Heap History (4 events):
Event: 0.225 GC heap before
{Heap before GC invocations=0 (full 0):
 def new generation   total 4928K, used 4416K [0x03800000, 0x03d50000, 0x08d50000)
  eden space 4416K, 100% used [0x03800000, 0x03c50000, 0x03c50000)
  from space 512K,   0% used [0x03c50000, 0x03c50000, 0x03cd0000)
  to   space 512K,   0% used [0x03cd0000, 0x03cd0000, 0x03d50000)
 tenured generation   total 10944K, used 0K [0x08d50000, 0x09800000, 0x13800000)
   the space 10944K,   0% used [0x08d50000, 0x08d50000, 0x08d50200, 0x09800000)
 Metaspace       used 662K, capacity 2642K, committed 2752K, reserved 4480K
Event: 0.227 GC heap after
Heap after GC invocations=1 (full 0):
 def new generation   total 4928K, used 512K [0x03800000, 0x03d50000, 0x08d50000)
  eden space 4416K,   0% used [0x03800000, 0x03800000, 0x03c50000)
  from space 512K, 100% used [0x03cd0000, 0x03d50000, 0x03d50000)
  to   space 512K,   0% used [0x03c50000, 0x03c50000, 0x03cd0000)
 tenured generation   total 10944K, used 540K [0x08d50000, 0x09800000, 0x13800000)
   the space 10944K,   4% used [0x08d50000, 0x08dd72d0, 0x08dd7400, 0x09800000)
 Metaspace       used 662K, capacity 2642K, committed 2752K, reserved 4480K
}
Event: 0.319 GC heap before
{Heap before GC invocations=1 (full 0):
 def new generation   total 4928K, used 4928K [0x03800000, 0x03d50000, 0x08d50000)
  eden space 4416K, 100% used [0x03800000, 0x03c50000, 0x03c50000)
  from space 512K, 100% used [0x03cd0000, 0x03d50000, 0x03d50000)
  to   space 512K,   0% used [0x03c50000, 0x03c50000, 0x03cd0000)
 tenured generation   total 10944K, used 540K [0x08d50000, 0x09800000, 0x13800000)
   the space 10944K,   4% used [0x08d50000, 0x08dd72d0, 0x08dd7400, 0x09800000)
 Metaspace       used 845K, capacity 2776K, committed 2880K, reserved 4480K
Event: 0.321 GC heap after
Heap after GC invocations=2 (full 0):
 def new generation   total 4928K, used 470K [0x03800000, 0x03d50000, 0x08d50000)
  eden space 4416K,   0% used [0x03800000, 0x03800000, 0x03c50000)
  from space 512K,  91% used [0x03c50000, 0x03cc5a70, 0x03cd0000)
  to   space 512K,   0% used [0x03cd0000, 0x03cd0000, 0x03d50000)
 tenured generation   total 10944K, used 1050K [0x08d50000, 0x09800000, 0x13800000)
   the space 10944K,   9% used [0x08d50000, 0x08e56948, 0x08e56a00, 0x09800000)
 Metaspace       used 845K, capacity 2776K, committed 2880K, reserved 4480K
}

Deoptimization events (0 events):
No events

Internal exceptions (7 events):
Event: 0.027 Thread 0x0089bc00 Exception <a 'java/lang/NoSuchMethodError': Method sun.misc.Unsafe.defineClass(Ljava/lang/String;[BII)Ljava/lang/Class; name or signature does not match> (0x038079c0) thrown at [C:\re\workspace\8-2-build-windows-i586-cygwin\jdk8u131\8869\hotspot\src\share
Event: 0.027 Thread 0x0089bc00 Exception <a 'java/lang/NoSuchMethodError': Method sun.misc.Unsafe.prefetchRead(Ljava/lang/Object;J)V name or signature does not match> (0x03807c90) thrown at [C:\re\workspace\8-2-build-windows-i586-cygwin\jdk8u131\8869\hotspot\src\share\vm\prims\jni.cpp,
Event: 0.075 Thread 0x0089bc00 Exception <a 'java/io/FileNotFoundException'> (0x03852f98) thrown at [C:\re\workspace\8-2-build-windows-i586-cygwin\jdk8u131\8869\hotspot\src\share\vm\prims\jni.cpp, line 709]
Event: 0.243 Thread 0x0089bc00 Exception <a 'java/security/PrivilegedActionException'> (0x038ba6b0) thrown at [C:\re\workspace\8-2-build-windows-i586-cygwin\jdk8u131\8869\hotspot\src\share\vm\prims\jvm.cpp, line 1390]
Event: 0.243 Thread 0x0089bc00 Exception <a 'java/security/PrivilegedActionException'> (0x038baa90) thrown at [C:\re\workspace\8-2-build-windows-i586-cygwin\jdk8u131\8869\hotspot\src\share\vm\prims\jvm.cpp, line 1390]
Event: 0.243 Thread 0x0089bc00 Exception <a 'java/security/PrivilegedActionException'> (0x038be948) thrown at [C:\re\workspace\8-2-build-windows-i586-cygwin\jdk8u131\8869\hotspot\src\share\vm\prims\jvm.cpp, line 1390]
Event: 0.243 Thread 0x0089bc00 Exception <a 'java/security/PrivilegedActionException'> (0x038bed28) thrown at [C:\re\workspace\8-2-build-windows-i586-cygwin\jdk8u131\8869\hotspot\src\share\vm\prims\jvm.cpp, line 1390]

Events (10 events):
Event: 0.348 loading class de/ibapl/spsw/spi/AbstractSerialPortSocketFactory
Event: 0.348 loading class de/ibapl/spsw/spi/AbstractSerialPortSocketFactory done
Event: 0.354 loading class de/ibapl/spsw/provider/GenericWinSerialPortSocket
Event: 0.354 loading class de/ibapl/spsw/provider/GenericWinSerialPortSocket done
Event: 0.354 loading class de/ibapl/spsw/spi/AbstractSerialPortSocket
Event: 0.354 loading class de/ibapl/spsw/spi/AbstractSerialPortSocket done
Event: 0.355 loading class de/ibapl/spsw/spi/AbstractSerialPortSocket$SerialInputStream
Event: 0.355 loading class de/ibapl/spsw/spi/AbstractSerialPortSocket$SerialInputStream done
Event: 0.355 loading class de/ibapl/spsw/spi/AbstractSerialPortSocket$SerialOutputStream
Event: 0.355 loading class de/ibapl/spsw/spi/AbstractSerialPortSocket$SerialOutputStream done


Dynamic libraries:
0x008f0000 - 0x00923000 	C:\Program Files\Java\jdk1.8.0_131\jre\bin\java.exe
0x77ca0000 - 0x77e2d000 	C:\Windows\SYSTEM32\ntdll.dll
0x75f00000 - 0x75f95000 	C:\Windows\System32\KERNEL32.DLL
0x749c0000 - 0x74b85000 	C:\Windows\System32\KERNELBASE.dll
0x732f0000 - 0x73383000 	C:\Windows\SYSTEM32\apphelp.dll
0x764b0000 - 0x76527000 	C:\Windows\System32\ADVAPI32.dll
0x75fa0000 - 0x7605d000 	C:\Windows\System32\msvcrt.dll
0x759c0000 - 0x75a01000 	C:\Windows\System32\sechost.dll
0x756e0000 - 0x757a7000 	C:\Windows\System32\RPCRT4.dll
0x77af0000 - 0x77c20000 	C:\Windows\System32\USER32.dll
0x749a0000 - 0x749ba000 	C:\Windows\System32\win32u.dll
0x76060000 - 0x76081000 	C:\Windows\System32\GDI32.dll
0x74840000 - 0x7499e000 	C:\Windows\System32\gdi32full.dll
0x75450000 - 0x754c9000 	C:\Windows\System32\msvcp_win.dll
0x74da0000 - 0x74eb8000 	C:\Windows\System32\ucrtbase.dll
0x70d80000 - 0x70f8e000 	C:\Windows\WinSxS\x86_microsoft.windows.common-controls_6595b64144ccf1df_6.0.15063.0_none_583b8639f462029f\COMCTL32.dll
0x75b00000 - 0x75d38000 	C:\Windows\System32\combase.dll
0x75560000 - 0x755b7000 	C:\Windows\System32\bcryptPrimitives.dll
0x77c70000 - 0x77c96000 	C:\Windows\System32\IMM32.DLL
0x675a0000 - 0x6765f000 	C:\Program Files\Java\jdk1.8.0_131\jre\bin\msvcr100.dll
0x56b90000 - 0x56f5e000 	C:\Program Files\Java\jdk1.8.0_131\jre\bin\client\jvm.dll
0x77a70000 - 0x77a76000 	C:\Windows\System32\PSAPI.DLL
0x72230000 - 0x72238000 	C:\Windows\SYSTEM32\WSOCK32.dll
0x715d0000 - 0x715f4000 	C:\Windows\SYSTEM32\WINMM.dll
0x76540000 - 0x765a7000 	C:\Windows\System32\WS2_32.dll
0x6b680000 - 0x6b688000 	C:\Windows\SYSTEM32\VERSION.dll
0x715a0000 - 0x715c3000 	C:\Windows\SYSTEM32\WINMMBASE.dll
0x754d0000 - 0x75509000 	C:\Windows\System32\cfgmgr32.dll
0x71c40000 - 0x71c4c000 	C:\Program Files\Java\jdk1.8.0_131\jre\bin\verify.dll
0x70320000 - 0x70341000 	C:\Program Files\Java\jdk1.8.0_131\jre\bin\java.dll
0x70300000 - 0x70313000 	C:\Program Files\Java\jdk1.8.0_131\jre\bin\zip.dll
0x765b0000 - 0x778f8000 	C:\Windows\System32\SHELL32.dll
0x75650000 - 0x756dc000 	C:\Windows\System32\shcore.dll
0x74ec0000 - 0x75444000 	C:\Windows\System32\windows.storage.dll
0x77c20000 - 0x77c65000 	C:\Windows\System32\shlwapi.dll
0x74830000 - 0x7483e000 	C:\Windows\System32\kernel.appcore.dll
0x747c0000 - 0x74805000 	C:\Windows\System32\powrprof.dll
0x74820000 - 0x74830000 	C:\Windows\System32\profapi.dll
0x65dc0000 - 0x65e0d000 	C:\Users\apl\Documents\NetBeansProjects\spsw\de.ibapl.spsw.provider\target\classes\lib\spsw-windows-x86-1.0.0-SNAPSHOT.dll
0x711c0000 - 0x7131d000 	C:\Windows\SYSTEM32\dbghelp.dll

VM Arguments:
java_command: C:\Users\apl\Documents\NetBeansProjects\spsw\de.ibapl.spsw.provider\target\surefire\surefirebooter547150413426501986.jar C:\Users\apl\Documents\NetBeansProjects\spsw\de.ibapl.spsw.provider\target\surefire\surefire3479598433858939540tmp C:\Users\apl\Documents\NetBeansProjects\spsw\de.ibapl.spsw.provider\target\surefire\surefire_01464532496334275890tmp
java_class_path (initial): C:\Users\apl\Documents\NetBeansProjects\spsw\de.ibapl.spsw.provider\target\surefire\surefirebooter547150413426501986.jar
Launcher Type: SUN_STANDARD

Environment Variables:
JAVA_HOME=C:\Program Files\Java\jdk1.8.0_131
PATH=C:\ProgramData\Oracle\Java\javapath;C:\Windows\system32;C:\Windows;C:\Windows\System32\Wbem;C:\Windows\System32\WindowsPowerShell\v1.0\;C:\Program Files\apache-maven-3.5.0\bin;C:\Program Files\mingw-w64\i686-7.1.0-win32-sjlj-rt_v5-rev0\mingw32\bin;C:\Users\apl\AppData\Local\Microsoft\WindowsApps;
USERNAME=apl
OS=Windows_NT
PROCESSOR_IDENTIFIER=x86 Family 6 Model 60 Stepping 1, GenuineIntel



---------------  S Y S T E M  ---------------

OS: Windows 10.0 Build 15063 (10.0.15063.0)

CPU:total 2 (initial active 2) (1 cores per cpu, 1 threads per core) family 6 model 60 stepping 1, cmov, cx8, fxsr, mmx, sse, sse2, sse3, ssse3, sse4.1, sse4.2, popcnt, avx, avx2, aes, clmul, erms, lzcnt, tsc, bmi1, bmi2

Memory: 4k page, physical 3145204k(1239196k free), swap 4455924k(2495940k free)

vm_info: Java HotSpot(TM) Client VM (25.131-b11) for windows-x86 JRE (1.8.0_131-b11), built on Mar 15 2017 01:26:29 by "java_re" with MS VC++ 10.0 (VS2010)

time: Wed Jun 21 22:08:58 2017
elapsed time: 0 seconds (0d 0h 0m 0s)

